<?xml version="1.0" encoding="UTF-8"?>
<testsuite name="SILab2Test" tests="4" skipped="0" failures="0" errors="0" timestamp="2021-05-27T01:22:16" hostname="Mac-van-Milenkovski.local" time="0.039">
  <properties/>
  <testcase name="testClassNormal()" classname="SILab2Test" time="0.028"/>
  <testcase name="testSpecials()" classname="SILab2Test" time="0.003"/>
  <testcase name="testClassPositives()" classname="SILab2Test" time="0.002"/>
  <testcase name="testClassNegatives()" classname="SILab2Test" time="0.001"/>
  <system-out><![CDATA[]]></system-out>
  <system-err><![CDATA[]]></system-err>
</testsuite>
